<?xml version="1.0" encoding="utf-8"?>
<TestRun id="0b4ec9d6-6deb-41f5-8448-8e3a042596ad" name="@Macbook-Air 2026-01-09 17:25:20" xmlns="http://microsoft.com/schemas/VisualStudio/TeamTest/2010">
  <Times creation="2026-01-09T17:25:20.5362730+07:00" queuing="2026-01-09T17:25:20.5362730+07:00" start="2026-01-09T17:25:17.6263350+07:00" finish="2026-01-09T17:25:20.5408470+07:00" />
  <TestSettings name="default" id="6160c98a-d29a-4dfa-bc0b-1c2445007708">
    <Deployment runDeploymentRoot="_Macbook-Air_2026-01-09_17_25_20" />
  </TestSettings>
  <Results>
    <UnitTestResult executionId="c6742000-1a7c-4b2d-855c-cbed487b5a5c" testId="2c6d19f7-401a-44bc-5406-d49163a039c4" testName="Nexora.Management.Tests.UnitTest1.Test1" computerName="Macbook-Air" duration="00:00:00.0010598" startTime="2026-01-09T17:25:20.3157330+07:00" endTime="2026-01-09T17:25:20.3157420+07:00" testType="13cdc9d9-ddb5-4fa4-a97d-d965ccfc6d4b" outcome="Passed" testListId="8c84fa94-04c1-424b-9868-57a2d4851a1d" relativeResultsDirectory="c6742000-1a7c-4b2d-855c-cbed487b5a5c" />
  </Results>
  <TestDefinitions>
    <UnitTest name="Nexora.Management.Tests.UnitTest1.Test1" storage="/users/nhatduyfirst/documents/projects/nexora_management/apps/backend/tests/nexora.management.tests/bin/debug/net9.0/nexora.management.tests.dll" id="2c6d19f7-401a-44bc-5406-d49163a039c4">
      <Execution id="c6742000-1a7c-4b2d-855c-cbed487b5a5c" />
      <TestMethod codeBase="/Users/nhatduyfirst/Documents/Projects/Nexora_Management/apps/backend/tests/Nexora.Management.Tests/bin/Debug/net9.0/Nexora.Management.Tests.dll" adapterTypeName="executor://xunit/VsTestRunner2/netcoreapp" className="Nexora.Management.Tests.UnitTest1" name="Test1" />
    </UnitTest>
  </TestDefinitions>
  <TestEntries>
    <TestEntry testId="2c6d19f7-401a-44bc-5406-d49163a039c4" executionId="c6742000-1a7c-4b2d-855c-cbed487b5a5c" testListId="8c84fa94-04c1-424b-9868-57a2d4851a1d" />
  </TestEntries>
  <TestLists>
    <TestList name="Results Not in a List" id="8c84fa94-04c1-424b-9868-57a2d4851a1d" />
    <TestList name="All Loaded Results" id="19431567-8539-422a-85d7-44ee4e166bda" />
  </TestLists>
  <ResultSummary outcome="Completed">
    <Counters total="1" executed="1" passed="1" failed="0" error="0" timeout="0" aborted="0" inconclusive="0" passedButRunAborted="0" notRunnable="0" notExecuted="0" disconnected="0" warning="0" completed="0" inProgress="0" pending="0" />
    <Output>
      <StdOut>[xUnit.net 00:00:00.00] xUnit.net VSTest Adapter v2.8.2+699d445a1a (64-bit .NET 9.0.7)
[xUnit.net 00:00:00.05]   Discovering: Nexora.Management.Tests
[xUnit.net 00:00:00.11]   Discovered:  Nexora.Management.Tests
[xUnit.net 00:00:00.11]   Starting:    Nexora.Management.Tests
[xUnit.net 00:00:00.16]   Finished:    Nexora.Management.Tests
</StdOut>
    </Output>
    <CollectorDataEntries>
      <Collector agentName="Macbook-Air" uri="datacollector://microsoft/CoverletCodeCoverage/1.0" collectorDisplayName="XPlat code coverage">
        <UriAttachments>
          <UriAttachment>
            <A href="Macbook-Air/coverage.cobertura.xml"></A>
          </UriAttachment>
        </UriAttachments>
      </Collector>
    </CollectorDataEntries>
  </ResultSummary>
</TestRun>